0 info it worked if it ends with ok
1 verbose cli [ 'node', '/usr/bin/npm', 'install' ]
2 info using npm@1.3.6
3 info using node@v0.10.42
4 verbose readDependencies using package.json deps
5 verbose install where, deps [ '/home/mimiz/Documents/Vefforritun2/Skilaverkefni/three/Kari2',
5 verbose install   [ 'grunt',
5 verbose install     'grunt-contrib-concat',
5 verbose install     'grunt-contrib-jshint',
5 verbose install     'grunt-contrib-uglify',
5 verbose install     'normalize.css',
5 verbose install     'gulp',
5 verbose install     'gulp-less',
5 verbose install     'karma',
5 verbose install     'karma-jasmine',
5 verbose install     'karma-chrome-launcher' ] ]
6 info preinstall Kari2@0.0.0
7 verbose readDependencies using package.json deps
8 verbose already installed skipping grunt@~0.4.5 /home/mimiz/Documents/Vefforritun2/Skilaverkefni/three/Kari2
9 verbose already installed skipping grunt-contrib-concat@~1.0.0 /home/mimiz/Documents/Vefforritun2/Skilaverkefni/three/Kari2
10 verbose already installed skipping grunt-contrib-jshint@~1.0.0 /home/mimiz/Documents/Vefforritun2/Skilaverkefni/three/Kari2
11 verbose already installed skipping grunt-contrib-uglify@~1.0.0 /home/mimiz/Documents/Vefforritun2/Skilaverkefni/three/Kari2
12 verbose cache add [ 'normalize.css@^3.0.3', null ]
13 verbose cache add name=undefined spec="normalize.css@^3.0.3" args=["normalize.css@^3.0.3",null]
14 verbose parsed url { protocol: null,
14 verbose parsed url   slashes: null,
14 verbose parsed url   auth: null,
14 verbose parsed url   host: null,
14 verbose parsed url   port: null,
14 verbose parsed url   hostname: null,
14 verbose parsed url   hash: null,
14 verbose parsed url   search: null,
14 verbose parsed url   query: null,
14 verbose parsed url   pathname: 'normalize.css@^3.0.3',
14 verbose parsed url   path: 'normalize.css@^3.0.3',
14 verbose parsed url   href: 'normalize.css@^3.0.3' }
15 verbose cache add name="normalize.css" spec="^3.0.3" args=["normalize.css","^3.0.3"]
16 verbose parsed url { protocol: null,
16 verbose parsed url   slashes: null,
16 verbose parsed url   auth: null,
16 verbose parsed url   host: null,
16 verbose parsed url   port: null,
16 verbose parsed url   hostname: null,
16 verbose parsed url   hash: null,
16 verbose parsed url   search: null,
16 verbose parsed url   query: null,
16 verbose parsed url   pathname: '^3.0.3',
16 verbose parsed url   path: '^3.0.3',
16 verbose parsed url   href: '^3.0.3' }
17 verbose addNamed [ 'normalize.css', '^3.0.3' ]
18 verbose addNamed [ null, '>=3.0.3-0 <4.0.0-0' ]
19 verbose already installed skipping gulp@~3.9.1 /home/mimiz/Documents/Vefforritun2/Skilaverkefni/three/Kari2
20 silly lockFile d9ae762f-normalize-css-3-0-3 normalize.css@^3.0.3
21 verbose lock normalize.css@^3.0.3 /home/mimiz/.npm/d9ae762f-normalize-css-3-0-3.lock
22 verbose cache add [ 'gulp-less@^3.0.5', null ]
23 verbose cache add name=undefined spec="gulp-less@^3.0.5" args=["gulp-less@^3.0.5",null]
24 verbose parsed url { protocol: null,
24 verbose parsed url   slashes: null,
24 verbose parsed url   auth: null,
24 verbose parsed url   host: null,
24 verbose parsed url   port: null,
24 verbose parsed url   hostname: null,
24 verbose parsed url   hash: null,
24 verbose parsed url   search: null,
24 verbose parsed url   query: null,
24 verbose parsed url   pathname: 'gulp-less@^3.0.5',
24 verbose parsed url   path: 'gulp-less@^3.0.5',
24 verbose parsed url   href: 'gulp-less@^3.0.5' }
25 verbose cache add name="gulp-less" spec="^3.0.5" args=["gulp-less","^3.0.5"]
26 verbose parsed url { protocol: null,
26 verbose parsed url   slashes: null,
26 verbose parsed url   auth: null,
26 verbose parsed url   host: null,
26 verbose parsed url   port: null,
26 verbose parsed url   hostname: null,
26 verbose parsed url   hash: null,
26 verbose parsed url   search: null,
26 verbose parsed url   query: null,
26 verbose parsed url   pathname: '^3.0.5',
26 verbose parsed url   path: '^3.0.5',
26 verbose parsed url   href: '^3.0.5' }
27 verbose addNamed [ 'gulp-less', '^3.0.5' ]
28 verbose addNamed [ null, '>=3.0.5-0 <4.0.0-0' ]
29 silly lockFile c6611a93-gulp-less-3-0-5 gulp-less@^3.0.5
30 verbose lock gulp-less@^3.0.5 /home/mimiz/.npm/c6611a93-gulp-less-3-0-5.lock
31 verbose already installed skipping karma@~0.13.22 /home/mimiz/Documents/Vefforritun2/Skilaverkefni/three/Kari2
32 verbose already installed skipping karma-jasmine@~0.3.7 /home/mimiz/Documents/Vefforritun2/Skilaverkefni/three/Kari2
33 verbose already installed skipping karma-chrome-launcher@~0.2.2 /home/mimiz/Documents/Vefforritun2/Skilaverkefni/three/Kari2
34 silly addNameRange { name: 'normalize.css',
34 silly addNameRange   range: '>=3.0.3-0 <4.0.0-0',
34 silly addNameRange   hasData: false }
35 verbose url raw normalize.css
36 verbose url resolving [ 'https://registry.npmjs.org/', './normalize.css' ]
37 verbose url resolved https://registry.npmjs.org/normalize.css
38 info trying registry request attempt 1 at 19:15:11
39 http GET https://registry.npmjs.org/normalize.css
40 silly addNameRange { name: 'gulp-less',
40 silly addNameRange   range: '>=3.0.5-0 <4.0.0-0',
40 silly addNameRange   hasData: false }
41 verbose url raw gulp-less
42 verbose url resolving [ 'https://registry.npmjs.org/', './gulp-less' ]
43 verbose url resolved https://registry.npmjs.org/gulp-less
44 info trying registry request attempt 1 at 19:15:11
45 verbose etag "9VI6WCU1AZBWGHWQEAJ3NCLNH"
46 http GET https://registry.npmjs.org/gulp-less
47 info retry will retry, error on last attempt: Error: UNABLE_TO_GET_ISSUER_CERT_LOCALLY
48 info retry will retry, error on last attempt: Error: UNABLE_TO_GET_ISSUER_CERT_LOCALLY
49 info trying registry request attempt 2 at 19:15:21
50 verbose etag "9VI6WCU1AZBWGHWQEAJ3NCLNH"
51 http GET https://registry.npmjs.org/gulp-less
52 info trying registry request attempt 2 at 19:15:21
53 http GET https://registry.npmjs.org/normalize.css
54 info retry will retry, error on last attempt: Error: UNABLE_TO_GET_ISSUER_CERT_LOCALLY
55 info retry will retry, error on last attempt: Error: UNABLE_TO_GET_ISSUER_CERT_LOCALLY
56 info trying registry request attempt 3 at 19:16:22
57 verbose etag "9VI6WCU1AZBWGHWQEAJ3NCLNH"
58 http GET https://registry.npmjs.org/gulp-less
59 info trying registry request attempt 3 at 19:16:22
60 http GET https://registry.npmjs.org/normalize.css
61 silly lockFile d9ae762f-normalize-css-3-0-3 normalize.css@^3.0.3
62 silly lockFile d9ae762f-normalize-css-3-0-3 normalize.css@^3.0.3
63 silly registry.get cb [ 304, undefined ]
64 verbose etag gulp-less from cache
65 error Error: UNABLE_TO_GET_ISSUER_CERT_LOCALLY
65 error     at SecurePair.<anonymous> (tls.js:1381:32)
65 error     at SecurePair.emit (events.js:92:17)
65 error     at SecurePair.maybeInitFinished (tls.js:980:10)
65 error     at CleartextStream.read [as _read] (tls.js:472:13)
65 error     at CleartextStream.Readable.read (_stream_readable.js:341:10)
65 error     at EncryptedStream.write [as _write] (tls.js:369:25)
65 error     at doWrite (_stream_writable.js:226:10)
65 error     at writeOrBuffer (_stream_writable.js:216:5)
65 error     at EncryptedStream.Writable.write (_stream_writable.js:183:11)
65 error     at write (_stream_readable.js:602:24)
65 error     at flow (_stream_readable.js:611:7)
65 error     at Socket.pipeOnReadable (_stream_readable.js:643:5)
66 error If you need help, you may report this log at:
66 error     <http://github.com/isaacs/npm/issues>
66 error or email it to:
66 error     <npm-@googlegroups.com>
67 error System Linux 4.8.13-100.fc23.x86_64
68 error command "node" "/usr/bin/npm" "install"
69 error cwd /home/mimiz/Documents/Vefforritun2/Skilaverkefni/three/Kari2
70 error node -v v0.10.42
71 error npm -v 1.3.6
72 verbose exit [ 1, true ]
